<?xml version="1.0" encoding="UTF-8"?>
<testsuite xmlns:xsi="http://www.w3.org/2001/XMLSchema-instance" xsi:noNamespaceSchemaLocation="https://maven.apache.org/surefire/maven-surefire-plugin/xsd/surefire-test-report-3.0.xsd" version="3.0" name="com.smartosc.OptionalTest" time="0.304" tests="4" errors="0" skipped="0" failures="0">
  <properties>
[...]
</properties>
  <testcase name="shouldThrowProvinceNotFoundWhenNoProvinceProvided" classname="com.smartosc.OptionalTest" time="0.053"/>
  <testcase name="shouldThrowProvinceNotFoundWhenNoProvinceProvided_2" classname="com.smartosc.OptionalTest" time="0.001"/>
  <testcase name="shouldThrowProvinceNotFoundWhenNoProvinceProvided_3" classname="com.smartosc.OptionalTest" time="0.034"/>
  <testcase name="shouldReturnProvinceWhenProvided" classname="com.smartosc.OptionalTest" time="0.176"/>
</testsuite>